<?xml version="1.0" encoding="utf-8"?><testsuites name="pytest tests"><testsuite name="pytest" errors="0" failures="0" skipped="0" tests="29" time="3.434" timestamp="2026-06-18T05:52:15.095250+00:00" hostname="agent-env-5a315c9c-f6b7-428a-9e7d-65d048dfc43b"><testcase classname="backend.tests.test_new_modules" name="test_new_endpoints_require_bearer[/api/pos/products]" time="0.225" /><testcase classname="backend.tests.test_new_modules" name="test_new_endpoints_require_bearer[/api/pos/products?category=Hardware]" time="0.041" /><testcase classname="backend.tests.test_new_modules" name="test_new_endpoints_require_bearer[/api/pos/sales]" time="0.039" /><testcase classname="backend.tests.test_new_modules" name="test_new_endpoints_require_bearer[/api/payroll/runs]" time="0.041" /><testcase classname="backend.tests.test_new_modules" name="test_new_endpoints_require_bearer[/api/payroll/t4/emp_does_not_exist]" time="0.040" /><testcase classname="backend.tests.test_new_modules" name="test_new_endpoints_require_bearer[/api/fleet/vehicles]" time="0.041" /><testcase classname="backend.tests.test_new_modules" name="test_new_endpoints_require_bearer[/api/inventory/items]" time="0.081" /><testcase classname="backend.tests.test_new_modules" name="test_new_endpoints_require_bearer[/api/inventory/lookup?barcode=12345]" time="0.041" /><testcase classname="backend.tests.test_new_modules" name="test_pos_sales_post_requires_bearer" time="0.043" /><testcase classname="backend.tests.test_new_modules.TestPOSProducts" name="test_list_products" time="0.089" /><testcase classname="backend.tests.test_new_modules.TestPOSProducts" name="test_list_products_category_filter" time="0.081" /><testcase classname="backend.tests.test_new_modules.TestPOSProducts" name="test_list_products_category_all_returns_all" time="0.041" /><testcase classname="backend.tests.test_new_modules.TestPOSProducts" name="test_list_products_multi_company_isolation" time="0.222" /><testcase classname="backend.tests.test_new_modules.TestPOSSales" name="test_create_sale_empty_cart_400" time="0.093" /><testcase classname="backend.tests.test_new_modules.TestPOSSales" name="test_create_sale_all_invalid_product_ids_400" time="0.083" /><testcase classname="backend.tests.test_new_modules.TestPOSSales" name="test_create_sale_filters_invalid_and_persists" time="0.183" /><testcase classname="backend.tests.test_new_modules.TestPOSSales" name="test_list_sales_returns_recent" time="0.165" /><testcase classname="backend.tests.test_new_modules.TestPayroll" name="test_list_pay_runs" time="0.078" /><testcase classname="backend.tests.test_new_modules.TestPayroll" name="test_pay_runs_isolation" time="0.245" /><testcase classname="backend.tests.test_new_modules.TestPayroll" name="test_t4_unknown_employee_404" time="0.123" /><testcase classname="backend.tests.test_new_modules.TestPayroll" name="test_t4_for_real_employee" time="0.169" /><testcase classname="backend.tests.test_new_modules.TestFleet" name="test_list_vehicles" time="0.081" /><testcase classname="backend.tests.test_new_modules.TestFleet" name="test_gps_drift_between_calls" time="0.123" /><testcase classname="backend.tests.test_new_modules.TestFleet" name="test_fleet_isolation" time="0.128" /><testcase classname="backend.tests.test_new_modules.TestInventory" name="test_list_inventory" time="0.101" /><testcase classname="backend.tests.test_new_modules.TestInventory" name="test_inventory_isolation" time="0.287" /><testcase classname="backend.tests.test_new_modules.TestInventory" name="test_lookup_invalid_barcode" time="0.162" /><testcase classname="backend.tests.test_new_modules.TestInventory" name="test_lookup_real_inventory_barcode" time="0.127" /><testcase classname="backend.tests.test_new_modules.TestInventory" name="test_lookup_real_product_barcode" time="0.206" /></testsuite></testsuites>