<?xml version="1.0" encoding="utf-8"?><testsuites name="pytest tests"><testsuite name="pytest" errors="0" failures="1" skipped="0" tests="16" time="1.287" timestamp="2026-06-21T05:38:42.687647+00:00" hostname="agent-env-5a315c9c-f6b7-428a-9e7d-65d048dfc43b"><testcase classname="backend.tests.test_iteration_7.TestMarketplacePartnersSeeded" name="test_mp_partners_present_in_db_companies" time="0.004" /><testcase classname="backend.tests.test_iteration_7.TestMarketplacePartnersSeeded" name="test_marketplace_businesses_endpoint_includes_mp_partners" time="0.293" /><testcase classname="backend.tests.test_iteration_7.TestMarketplacePartnersSeeded" name="test_fulfill_referral_with_mp_partner_persists_payout_pointing_to_real_company" time="0.105" /><testcase classname="backend.tests.test_iteration_7.TestCashAdvanceOffer" name="test_offer_requires_bearer" time="0.045" /><testcase classname="backend.tests.test_iteration_7.TestCashAdvanceOffer" name="test_offer_forbidden_for_non_owner_non_admin" time="0.050" /><testcase classname="backend.tests.test_iteration_7.TestCashAdvanceOffer" name="test_offer_200_for_owner_returns_expected_shape" time="0.053" /><testcase classname="backend.tests.test_iteration_7.TestCashAdvanceRequest" name="test_request_requires_bearer" time="0.045" /><testcase classname="backend.tests.test_iteration_7.TestCashAdvanceRequest" name="test_request_forbidden_for_non_owner_non_admin" time="0.047" /><testcase classname="backend.tests.test_iteration_7.TestCashAdvanceRequest" name="test_request_400_for_non_positive_amount" time="0.096" /><testcase classname="backend.tests.test_iteration_7.TestCashAdvanceRequest" name="test_request_400_when_amount_exceeds_max" time="0.123" /><testcase classname="backend.tests.test_iteration_7.TestCashAdvanceRequest" name="test_request_success_fee_zero_below_1k_and_audit_written" time="0.062" /><testcase classname="backend.tests.test_iteration_7.TestCashAdvanceRequest" name="test_request_success_fee_for_above_1k_band" time="0.048"><failure message="AssertionError: {&quot;detail&quot;:&quot;Amount exceeds approved max $1000.00&quot;}&#10;assert 400 == 200&#10; +  where 400 = &lt;Response [400]&gt;.status_code">backend/tests/test_iteration_7.py:319: in test_request_success_fee_for_above_1k_band
    assert r.status_code == 200, r.text
E   AssertionError: {"detail":"Amount exceeds approved max $1000.00"}
E   assert 400 == 200
E    +  where 400 = &lt;Response [400]&gt;.status_code</failure></testcase><testcase classname="backend.tests.test_iteration_7.TestCashAdvanceRequest" name="test_request_409_when_outstanding_advance_exists" time="0.100" /><testcase classname="backend.tests.test_iteration_7.TestCashAdvanceHistory" name="test_history_requires_bearer" time="0.055" /><testcase classname="backend.tests.test_iteration_7.TestCashAdvanceHistory" name="test_history_forbidden_for_non_owner" time="0.048" /><testcase classname="backend.tests.test_iteration_7.TestCashAdvanceHistory" name="test_history_returns_advances_newest_first_for_active_company" time="0.049" /></testsuite></testsuites>