<?xml version="1.0" encoding="utf-8"?><testsuites name="pytest tests"><testsuite name="pytest" errors="0" failures="0" skipped="0" tests="30" time="2.297" timestamp="2026-06-21T04:48:25.412791+00:00" hostname="agent-env-5a315c9c-f6b7-428a-9e7d-65d048dfc43b"><testcase classname="tests.test_iteration_5.TestTimeClock" name="test_punch_requires_bearer" time="0.205" /><testcase classname="tests.test_iteration_5.TestTimeClock" name="test_punch_toggles_in_out_and_isolates_by_company" time="0.160" /><testcase classname="tests.test_iteration_5.TestTimeClock" name="test_timeclock_me_returns_structure" time="0.246" /><testcase classname="tests.test_iteration_5.TestTimeClock" name="test_audit_trail_punch_in_and_out" time="0.099" /><testcase classname="tests.test_iteration_5.TestCustomerPortal" name="test_orders_requires_bearer" time="0.048" /><testcase classname="tests.test_iteration_5.TestCustomerPortal" name="test_orders_empty_when_no_customer_membership" time="0.050" /><testcase classname="tests.test_iteration_5.TestCustomerPortal" name="test_orders_enriched_with_company_name" time="0.051" /><testcase classname="tests.test_iteration_5.TestCustomerPortal" name="test_invoices_status_and_due_sum" time="0.051" /><testcase classname="tests.test_iteration_5.TestCustomerPortal" name="test_appointments_seed_and_create" time="0.149" /><testcase classname="tests.test_iteration_5.TestInvite" name="test_invite_requires_bearer" time="0.047" /><testcase classname="tests.test_iteration_5.TestInvite" name="test_invite_forbidden_for_non_owner" time="0.049" /><testcase classname="tests.test_iteration_5.TestInvite" name="test_invite_rejects_invalid_role" time="0.049" /><testcase classname="tests.test_iteration_5.TestInvite" name="test_invite_creates_user_and_membership_idempotent" time="0.099" /><testcase classname="tests.test_iteration_5.TestMarketplace" name="test_businesses_requires_bearer" time="0.050" /><testcase classname="tests.test_iteration_5.TestMarketplace" name="test_businesses_includes_seeded_and_extras" time="0.050" /><testcase classname="tests.test_iteration_5.TestMarketplace" name="test_create_and_list_referrals" time="0.149" /><testcase classname="tests.test_iteration_5.TestRegressionSmoke" name="test_get_200[/api/auth/me]" time="0.052" /><testcase classname="tests.test_iteration_5.TestRegressionSmoke" name="test_get_200[/api/companies]" time="0.049" /><testcase classname="tests.test_iteration_5.TestRegressionSmoke" name="test_get_200[/api/workspaces]" time="0.049" /><testcase classname="tests.test_iteration_5.TestRegressionSmoke" name="test_get_200[/api/modules]" time="0.048" /><testcase classname="tests.test_iteration_5.TestRegressionSmoke" name="test_get_200[/api/dashboard]" time="0.048" /><testcase classname="tests.test_iteration_5.TestRegressionSmoke" name="test_get_200[/api/hr/employees]" time="0.046" /><testcase classname="tests.test_iteration_5.TestRegressionSmoke" name="test_get_200[/api/tickets]" time="0.047" /><testcase classname="tests.test_iteration_5.TestRegressionSmoke" name="test_get_200[/api/schedule]" time="0.048" /><testcase classname="tests.test_iteration_5.TestRegressionSmoke" name="test_get_200[/api/crm/customers]" time="0.049" /><testcase classname="tests.test_iteration_5.TestRegressionSmoke" name="test_get_200[/api/pos/products]" time="0.047" /><testcase classname="tests.test_iteration_5.TestRegressionSmoke" name="test_get_200[/api/payroll/runs]" time="0.054" /><testcase classname="tests.test_iteration_5.TestRegressionSmoke" name="test_get_200[/api/fleet/vehicles]" time="0.052" /><testcase classname="tests.test_iteration_5.TestRegressionSmoke" name="test_get_200[/api/inventory/items]" time="0.047" /><testcase classname="tests.test_iteration_5.TestRegressionSmoke" name="test_get_200[/api/alerts]" time="0.050" /></testsuite></testsuites>