<?xml version="1.0" encoding="utf-8"?><testsuites name="pytest tests"><testsuite name="pytest" errors="0" failures="0" skipped="0" tests="12" time="1.071" timestamp="2026-06-21T05:10:14.398214+00:00" hostname="agent-env-5a315c9c-f6b7-428a-9e7d-65d048dfc43b"><testcase classname="backend.tests.test_iteration_6.TestInviteSendGridFallback" name="test_invite_returns_magic_link_with_email_sent_false_and_reason" time="0.296" /><testcase classname="backend.tests.test_iteration_6.TestMarketplaceScoring" name="test_businesses_have_score_recommended_match_reason_and_sorted" time="0.051" /><testcase classname="backend.tests.test_iteration_6.TestFulfillReferral" name="test_fulfill_requires_bearer" time="0.048" /><testcase classname="backend.tests.test_iteration_6.TestFulfillReferral" name="test_fulfill_forbidden_for_employee" time="0.049" /><testcase classname="backend.tests.test_iteration_6.TestFulfillReferral" name="test_fulfill_404_for_unknown_referral" time="0.046" /><testcase classname="backend.tests.test_iteration_6.TestFulfillReferral" name="test_fulfill_400_for_non_positive_value" time="0.152" /><testcase classname="backend.tests.test_iteration_6.TestFulfillReferral" name="test_fulfill_computes_5pct_payout_persists_and_is_idempotent" time="0.152" /><testcase classname="backend.tests.test_iteration_6.TestPayoutsList" name="test_payouts_requires_bearer" time="0.043" /><testcase classname="backend.tests.test_iteration_6.TestPayoutsList" name="test_payouts_forbidden_for_employee" time="0.047" /><testcase classname="backend.tests.test_iteration_6.TestPayoutsList" name="test_payouts_filter_by_source_or_target_and_total_pending" time="0.051" /><testcase classname="backend.tests.test_iteration_6.TestWorkspaceStats" name="test_stats_requires_bearer" time="0.045" /><testcase classname="backend.tests.test_iteration_6.TestWorkspaceStats" name="test_stats_for_owner_manager_employee_customer_keys" time="0.051" /></testsuite></testsuites>