<?xml version="1.0" encoding="utf-8"?><testsuites name="pytest tests"><testsuite name="pytest" errors="0" failures="0" skipped="0" tests="17" time="1.337" timestamp="2026-06-21T05:50:04.590497+00:00" hostname="agent-env-5a315c9c-f6b7-428a-9e7d-65d048dfc43b"><testcase classname="tests.test_iteration_8.TestUnderwritingPolicyEndpoints" name="test_get_policy_requires_bearer" time="0.257" /><testcase classname="tests.test_iteration_8.TestUnderwritingPolicyEndpoints" name="test_put_policy_requires_bearer" time="0.044" /><testcase classname="tests.test_iteration_8.TestUnderwritingPolicyEndpoints" name="test_get_policy_forbidden_for_non_owner_non_admin" time="0.057" /><testcase classname="tests.test_iteration_8.TestUnderwritingPolicyEndpoints" name="test_put_policy_forbidden_for_non_owner_non_admin" time="0.049" /><testcase classname="tests.test_iteration_8.TestUnderwritingPolicyEndpoints" name="test_get_policy_returns_defaults_when_collection_empty" time="0.050" /><testcase classname="tests.test_iteration_8.TestUnderwritingPolicyEndpoints" name="test_put_policy_persists_and_subsequent_get_returns_updated" time="0.111" /><testcase classname="tests.test_iteration_8.TestPolicyHotReload" name="test_put_policy_floor_5000_reflects_in_offer_max_advance" time="0.150" /><testcase classname="tests.test_iteration_8.TestRepaymentSchedule" name="test_repayment_requires_bearer" time="0.044" /><testcase classname="tests.test_iteration_8.TestRepaymentSchedule" name="test_repayment_forbidden_for_non_owner_non_admin" time="0.046" /><testcase classname="tests.test_iteration_8.TestRepaymentSchedule" name="test_no_outstanding_advance_returns_has_advance_false" time="0.049" /><testcase classname="tests.test_iteration_8.TestRepaymentSchedule" name="test_with_advance_schedule_sums_to_total_repayable_and_remaining_zeroes" time="0.099" /><testcase classname="tests.test_iteration_8.TestCreditScore" name="test_credit_score_requires_bearer" time="0.043" /><testcase classname="tests.test_iteration_8.TestCreditScore" name="test_credit_score_forbidden_for_plain_employee" time="0.046" /><testcase classname="tests.test_iteration_8.TestCreditScore" name="test_credit_score_allowed_for_manager" time="0.052" /><testcase classname="tests.test_iteration_8.TestCreditScore" name="test_credit_score_shape_and_band_range" time="0.053" /><testcase classname="tests.test_iteration_8.TestCreditScore" name="test_credit_score_consistent_across_calls" time="0.096" /><testcase classname="tests.test_iteration_8.TestCreditScore" name="test_credit_score_low_data_yields_building_band" time="0.049" /></testsuite></testsuites>