<?xml version="1.0" encoding="utf-8"?><testsuites name="pytest tests"><testsuite name="pytest" errors="0" failures="0" skipped="0" tests="32" time="5.775" timestamp="2026-06-18T13:18:53.783490+00:00" hostname="agent-env-5a315c9c-f6b7-428a-9e7d-65d048dfc43b"><testcase classname="backend.tests.test_iteration_4.TestWorkspacesList" name="test_workspaces_requires_auth" time="0.318" /><testcase classname="backend.tests.test_iteration_4.TestWorkspacesList" name="test_workspaces_returns_three_default_memberships" time="0.055" /><testcase classname="backend.tests.test_iteration_4.TestWorkspacesSwitch" name="test_switch_requires_auth" time="0.051" /><testcase classname="backend.tests.test_iteration_4.TestWorkspacesSwitch" name="test_switch_403_when_not_member" time="0.054" /><testcase classname="backend.tests.test_iteration_4.TestWorkspacesSwitch" name="test_switch_200_updates_user_and_me_reflects" time="0.105" /><testcase classname="backend.tests.test_iteration_4.TestAdminUsersList" name="test_admin_users_requires_auth" time="0.048" /><testcase classname="backend.tests.test_iteration_4.TestAdminUsersList" name="test_admin_users_403_for_employee" time="0.049" /><testcase classname="backend.tests.test_iteration_4.TestAdminUsersList" name="test_admin_users_403_for_customer" time="0.049" /><testcase classname="backend.tests.test_iteration_4.TestAdminUsersList" name="test_admin_users_200_for_owner" time="0.048" /><testcase classname="backend.tests.test_iteration_4.TestAdminUsersList" name="test_admin_users_200_for_manager" time="0.048" /><testcase classname="backend.tests.test_iteration_4.TestAdminUsersList" name="test_admin_users_200_for_legacy_admin" time="0.050" /><testcase classname="backend.tests.test_iteration_4.TestAdminSetRole" name="test_set_role_requires_auth" time="0.047" /><testcase classname="backend.tests.test_iteration_4.TestAdminSetRole" name="test_set_role_403_for_manager" time="0.055" /><testcase classname="backend.tests.test_iteration_4.TestAdminSetRole" name="test_set_role_invalid_role_400" time="0.053" /><testcase classname="backend.tests.test_iteration_4.TestAdminSetRole" name="test_set_role_updates_existing_membership" time="0.054" /><testcase classname="backend.tests.test_iteration_4.TestAdminSetRole" name="test_set_role_creates_new_membership" time="0.058" /><testcase classname="backend.tests.test_iteration_4.TestOpsBriefDBCache" name="test_ops_brief_db_cache_persists_and_returns_cached" time="3.864" /><testcase classname="backend.tests.test_iteration_4.TestLoginAutoMemberships" name="test_default_memberships_for_new_user" time="0.002" /><testcase classname="backend.tests.test_iteration_4.TestLoginAutoMemberships" name="test_existing_real_user_has_three_memberships" time="0.051" /><testcase classname="backend.tests.test_iteration_4.TestRegression" name="test_get_endpoint_200[/api/companies]" time="0.052" /><testcase classname="backend.tests.test_iteration_4.TestRegression" name="test_get_endpoint_200[/api/dashboard]" time="0.051" /><testcase classname="backend.tests.test_iteration_4.TestRegression" name="test_get_endpoint_200[/api/hr/employees]" time="0.051" /><testcase classname="backend.tests.test_iteration_4.TestRegression" name="test_get_endpoint_200[/api/tickets]" time="0.050" /><testcase classname="backend.tests.test_iteration_4.TestRegression" name="test_get_endpoint_200[/api/schedule]" time="0.048" /><testcase classname="backend.tests.test_iteration_4.TestRegression" name="test_get_endpoint_200[/api/crm/customers]" time="0.051" /><testcase classname="backend.tests.test_iteration_4.TestRegression" name="test_get_endpoint_200[/api/pos/products]" time="0.052" /><testcase classname="backend.tests.test_iteration_4.TestRegression" name="test_get_endpoint_200[/api/payroll/runs]" time="0.052" /><testcase classname="backend.tests.test_iteration_4.TestRegression" name="test_get_endpoint_200[/api/fleet/vehicles]" time="0.052" /><testcase classname="backend.tests.test_iteration_4.TestRegression" name="test_get_endpoint_200[/api/inventory/items]" time="0.053" /><testcase classname="backend.tests.test_iteration_4.TestRegression" name="test_get_endpoint_200[/api/alerts]" time="0.053" /><testcase classname="backend.tests.test_iteration_4.TestRegression" name="test_get_endpoint_200[/api/modules]" time="0.049" /><testcase classname="backend.tests.test_iteration_4.TestRegression" name="test_get_endpoint_200[/api/auth/me]" time="0.050" /></testsuite></testsuites>