<?xml version="1.0" encoding="utf-8"?><testsuites name="pytest tests"><testsuite name="pytest" errors="0" failures="0" skipped="0" tests="27" time="4.490" timestamp="2026-06-18T05:42:00.058714+00:00" hostname="agent-env-5a315c9c-f6b7-428a-9e7d-65d048dfc43b"><testcase classname="tests.test_aidou_backend.TestRoot" name="test_root_ok" time="0.133" /><testcase classname="tests.test_aidou_backend.TestAuth" name="test_session_empty_body" time="0.041" /><testcase classname="tests.test_aidou_backend.TestAuth" name="test_session_empty_string" time="0.079" /><testcase classname="tests.test_aidou_backend.TestAuth" name="test_session_invalid_token" time="0.121" /><testcase classname="tests.test_aidou_backend.TestAuth" name="test_me_without_token" time="0.080" /><testcase classname="tests.test_aidou_backend.TestAuth" name="test_me_with_invalid_token" time="0.040" /><testcase classname="tests.test_aidou_backend.TestAuth" name="test_me_with_valid_token" time="0.045" /><testcase classname="tests.test_aidou_backend" name="test_protected_requires_bearer[/api/companies]" time="0.040" /><testcase classname="tests.test_aidou_backend" name="test_protected_requires_bearer[/api/modules]" time="0.039" /><testcase classname="tests.test_aidou_backend" name="test_protected_requires_bearer[/api/dashboard]" time="0.039" /><testcase classname="tests.test_aidou_backend" name="test_protected_requires_bearer[/api/hr/employees]" time="0.041" /><testcase classname="tests.test_aidou_backend" name="test_protected_requires_bearer[/api/tickets]" time="0.040" /><testcase classname="tests.test_aidou_backend" name="test_protected_requires_bearer[/api/schedule]" time="0.112" /><testcase classname="tests.test_aidou_backend" name="test_protected_requires_bearer[/api/crm/customers]" time="0.039" /><testcase classname="tests.test_aidou_backend" name="test_protected_requires_bearer[/api/alerts]" time="0.079" /><testcase classname="tests.test_aidou_backend" name="test_protected_requires_bearer[/api/ai/history?session_id=x&amp;assistant=advisor]" time="0.080" /><testcase classname="tests.test_aidou_backend.TestSeedData" name="test_companies_seeded" time="0.001" /><testcase classname="tests.test_aidou_backend.TestSeedData" name="test_collections_populated" time="0.002" /><testcase classname="tests.test_aidou_backend.TestSeedData" name="test_companies_endpoint" time="0.082" /><testcase classname="tests.test_aidou_backend.TestModulesAndDashboard" name="test_modules" time="0.040" /><testcase classname="tests.test_aidou_backend.TestModulesAndDashboard" name="test_dashboard_kpis" time="0.041" /><testcase classname="tests.test_aidou_backend.TestCompanySwitch" name="test_switch_changes_results" time="0.321" /><testcase classname="tests.test_aidou_backend.TestCompanySwitch" name="test_switch_unauthorized_company" time="0.041" /><testcase classname="tests.test_aidou_backend.TestAlerts" name="test_mark_alert_read" time="0.164" /><testcase classname="tests.test_aidou_backend.TestAIChat" name="test_ai_chat_sse_stream" time="2.647" /><testcase classname="tests.test_aidou_backend.TestAIHistory" name="test_history_returns_persisted_messages" time="0.041" /><testcase classname="tests.test_aidou_backend.TestEmployeesCreate" name="test_create_employee_persists" time="0.043" /></testsuite></testsuites>