<?xml version="1.0" encoding="utf-8"?><testsuites name="pytest tests"><testsuite name="pytest" errors="0" failures="0" skipped="0" tests="25" time="6.800" timestamp="2026-06-18T12:54:53.715796+00:00" hostname="agent-env-5a315c9c-f6b7-428a-9e7d-65d048dfc43b"><testcase classname="backend.tests.test_iteration_3.TestAuditLog" name="test_audit_log_401_without_bearer" time="0.315" /><testcase classname="backend.tests.test_iteration_3.TestAuditLog" name="test_audit_log_403_for_viewer" time="0.062" /><testcase classname="backend.tests.test_iteration_3.TestAuditLog" name="test_audit_log_200_for_admin_shape" time="0.064" /><testcase classname="backend.tests.test_iteration_3.TestRBACEmployees" name="test_post_employee_403_for_viewer" time="0.047" /><testcase classname="backend.tests.test_iteration_3.TestRBACEmployees" name="test_post_employee_200_for_admin" time="0.047" /><testcase classname="backend.tests.test_iteration_3.TestOpsBrief" name="test_ops_brief_401_without_bearer" time="0.048" /><testcase classname="backend.tests.test_iteration_3.TestOpsBrief" name="test_ops_brief_shape_and_cache" time="4.994" /><testcase classname="backend.tests.test_iteration_3.TestAuditTrailPersistence" name="test_actions_create_audit_entries" time="0.314" /><testcase classname="backend.tests.test_iteration_3.TestRegression" name="test_get_endpoint_200[/api/auth/me]" time="0.062" /><testcase classname="backend.tests.test_iteration_3.TestRegression" name="test_get_endpoint_200[/api/companies]" time="0.046" /><testcase classname="backend.tests.test_iteration_3.TestRegression" name="test_get_endpoint_200[/api/modules]" time="0.046" /><testcase classname="backend.tests.test_iteration_3.TestRegression" name="test_get_endpoint_200[/api/dashboard]" time="0.049" /><testcase classname="backend.tests.test_iteration_3.TestRegression" name="test_get_endpoint_200[/api/hr/employees]" time="0.049" /><testcase classname="backend.tests.test_iteration_3.TestRegression" name="test_get_endpoint_200[/api/tickets]" time="0.049" /><testcase classname="backend.tests.test_iteration_3.TestRegression" name="test_get_endpoint_200[/api/schedule]" time="0.051" /><testcase classname="backend.tests.test_iteration_3.TestRegression" name="test_get_endpoint_200[/api/crm/customers]" time="0.050" /><testcase classname="backend.tests.test_iteration_3.TestRegression" name="test_get_endpoint_200[/api/pos/products]" time="0.049" /><testcase classname="backend.tests.test_iteration_3.TestRegression" name="test_get_endpoint_200[/api/pos/sales]" time="0.048" /><testcase classname="backend.tests.test_iteration_3.TestRegression" name="test_get_endpoint_200[/api/payroll/runs]" time="0.050" /><testcase classname="backend.tests.test_iteration_3.TestRegression" name="test_get_endpoint_200[/api/fleet/vehicles]" time="0.050" /><testcase classname="backend.tests.test_iteration_3.TestRegression" name="test_get_endpoint_200[/api/inventory/items]" time="0.054" /><testcase classname="backend.tests.test_iteration_3.TestRegression" name="test_get_endpoint_200[/api/alerts]" time="0.055" /><testcase classname="backend.tests.test_iteration_3.TestRegression" name="test_inventory_lookup_bogus" time="0.054" /><testcase classname="backend.tests.test_iteration_3.TestRegression" name="test_payroll_t4_404" time="0.055" /><testcase classname="backend.tests.test_iteration_3.TestRegression" name="test_root" time="0.053" /></testsuite></testsuites>