<?xml version="1.0" encoding="utf-8"?><testsuites name="pytest tests"><testsuite name="pytest" errors="0" failures="0" skipped="0" tests="113" time="15.142" timestamp="2026-06-18T13:19:03.901298+00:00" hostname="agent-env-5a315c9c-f6b7-428a-9e7d-65d048dfc43b"><testcase classname="backend.tests.test_aidou_backend.TestRoot" name="test_root_ok" time="0.165" /><testcase classname="backend.tests.test_aidou_backend.TestAuth" name="test_session_empty_body" time="0.048" /><testcase classname="backend.tests.test_aidou_backend.TestAuth" name="test_session_empty_string" time="0.049" /><testcase classname="backend.tests.test_aidou_backend.TestAuth" name="test_session_invalid_token" time="0.166" /><testcase classname="backend.tests.test_aidou_backend.TestAuth" name="test_me_without_token" time="0.048" /><testcase classname="backend.tests.test_aidou_backend.TestAuth" name="test_me_with_invalid_token" time="0.052" /><testcase classname="backend.tests.test_aidou_backend.TestAuth" name="test_me_with_valid_token" time="0.056" /><testcase classname="backend.tests.test_aidou_backend" name="test_protected_requires_bearer[/api/companies]" time="0.050" /><testcase classname="backend.tests.test_aidou_backend" name="test_protected_requires_bearer[/api/modules]" time="0.057" /><testcase classname="backend.tests.test_aidou_backend" name="test_protected_requires_bearer[/api/dashboard]" time="0.053" /><testcase classname="backend.tests.test_aidou_backend" name="test_protected_requires_bearer[/api/hr/employees]" time="0.051" /><testcase classname="backend.tests.test_aidou_backend" name="test_protected_requires_bearer[/api/tickets]" time="0.049" /><testcase classname="backend.tests.test_aidou_backend" name="test_protected_requires_bearer[/api/schedule]" time="0.047" /><testcase classname="backend.tests.test_aidou_backend" name="test_protected_requires_bearer[/api/crm/customers]" time="0.055" /><testcase classname="backend.tests.test_aidou_backend" name="test_protected_requires_bearer[/api/alerts]" time="0.046" /><testcase classname="backend.tests.test_aidou_backend" name="test_protected_requires_bearer[/api/ai/history?session_id=x&amp;assistant=advisor]" time="0.050" /><testcase classname="backend.tests.test_aidou_backend.TestSeedData" name="test_companies_seeded" time="0.001" /><testcase classname="backend.tests.test_aidou_backend.TestSeedData" name="test_collections_populated" time="0.002" /><testcase classname="backend.tests.test_aidou_backend.TestSeedData" name="test_companies_endpoint" time="0.055" /><testcase classname="backend.tests.test_aidou_backend.TestModulesAndDashboard" name="test_modules" time="0.050" /><testcase classname="backend.tests.test_aidou_backend.TestModulesAndDashboard" name="test_dashboard_kpis" time="0.058" /><testcase classname="backend.tests.test_aidou_backend.TestCompanySwitch" name="test_switch_changes_results" time="0.424" /><testcase classname="backend.tests.test_aidou_backend.TestCompanySwitch" name="test_switch_unauthorized_company" time="0.080" /><testcase classname="backend.tests.test_aidou_backend.TestAlerts" name="test_mark_alert_read" time="0.200" /><testcase classname="backend.tests.test_aidou_backend.TestAIChat" name="test_ai_chat_sse_stream" time="1.678" /><testcase classname="backend.tests.test_aidou_backend.TestAIHistory" name="test_history_returns_persisted_messages" time="0.054" /><testcase classname="backend.tests.test_aidou_backend.TestEmployeesCreate" name="test_create_employee_persists" time="0.052" /><testcase classname="backend.tests.test_iteration_3.TestAuditLog" name="test_audit_log_401_without_bearer" time="0.050" /><testcase classname="backend.tests.test_iteration_3.TestAuditLog" name="test_audit_log_403_for_viewer" time="0.055" /><testcase classname="backend.tests.test_iteration_3.TestAuditLog" name="test_audit_log_200_for_admin_shape" time="0.054" /><testcase classname="backend.tests.test_iteration_3.TestRBACEmployees" name="test_post_employee_403_for_viewer" time="0.047" /><testcase classname="backend.tests.test_iteration_3.TestRBACEmployees" name="test_post_employee_200_for_admin" time="0.049" /><testcase classname="backend.tests.test_iteration_3.TestOpsBrief" name="test_ops_brief_401_without_bearer" time="0.053" /><testcase classname="backend.tests.test_iteration_3.TestOpsBrief" name="test_ops_brief_shape_and_cache" time="2.724" /><testcase classname="backend.tests.test_iteration_3.TestAuditTrailPersistence" name="test_actions_create_audit_entries" time="0.298" /><testcase classname="backend.tests.test_iteration_3.TestRegression" name="test_get_endpoint_200[/api/auth/me]" time="0.046" /><testcase classname="backend.tests.test_iteration_3.TestRegression" name="test_get_endpoint_200[/api/companies]" time="0.047" /><testcase classname="backend.tests.test_iteration_3.TestRegression" name="test_get_endpoint_200[/api/modules]" time="0.049" /><testcase classname="backend.tests.test_iteration_3.TestRegression" name="test_get_endpoint_200[/api/dashboard]" time="0.049" /><testcase classname="backend.tests.test_iteration_3.TestRegression" name="test_get_endpoint_200[/api/hr/employees]" time="0.050" /><testcase classname="backend.tests.test_iteration_3.TestRegression" name="test_get_endpoint_200[/api/tickets]" time="0.049" /><testcase classname="backend.tests.test_iteration_3.TestRegression" name="test_get_endpoint_200[/api/schedule]" time="0.049" /><testcase classname="backend.tests.test_iteration_3.TestRegression" name="test_get_endpoint_200[/api/crm/customers]" time="0.054" /><testcase classname="backend.tests.test_iteration_3.TestRegression" name="test_get_endpoint_200[/api/pos/products]" time="0.049" /><testcase classname="backend.tests.test_iteration_3.TestRegression" name="test_get_endpoint_200[/api/pos/sales]" time="0.054" /><testcase classname="backend.tests.test_iteration_3.TestRegression" name="test_get_endpoint_200[/api/payroll/runs]" time="0.058" /><testcase classname="backend.tests.test_iteration_3.TestRegression" name="test_get_endpoint_200[/api/fleet/vehicles]" time="0.050" /><testcase classname="backend.tests.test_iteration_3.TestRegression" name="test_get_endpoint_200[/api/inventory/items]" time="0.050" /><testcase classname="backend.tests.test_iteration_3.TestRegression" name="test_get_endpoint_200[/api/alerts]" time="0.052" /><testcase classname="backend.tests.test_iteration_3.TestRegression" name="test_inventory_lookup_bogus" time="0.047" /><testcase classname="backend.tests.test_iteration_3.TestRegression" name="test_payroll_t4_404" time="0.050" /><testcase classname="backend.tests.test_iteration_3.TestRegression" name="test_root" time="0.045" /><testcase classname="backend.tests.test_iteration_4.TestWorkspacesList" name="test_workspaces_requires_auth" time="0.045" /><testcase classname="backend.tests.test_iteration_4.TestWorkspacesList" name="test_workspaces_returns_three_default_memberships" time="0.050" /><testcase classname="backend.tests.test_iteration_4.TestWorkspacesSwitch" name="test_switch_requires_auth" time="0.047" /><testcase classname="backend.tests.test_iteration_4.TestWorkspacesSwitch" name="test_switch_403_when_not_member" time="0.049" /><testcase classname="backend.tests.test_iteration_4.TestWorkspacesSwitch" name="test_switch_200_updates_user_and_me_reflects" time="0.095" /><testcase classname="backend.tests.test_iteration_4.TestAdminUsersList" name="test_admin_users_requires_auth" time="0.043" /><testcase classname="backend.tests.test_iteration_4.TestAdminUsersList" name="test_admin_users_403_for_employee" time="0.048" /><testcase classname="backend.tests.test_iteration_4.TestAdminUsersList" name="test_admin_users_403_for_customer" time="0.048" /><testcase classname="backend.tests.test_iteration_4.TestAdminUsersList" name="test_admin_users_200_for_owner" time="0.048" /><testcase classname="backend.tests.test_iteration_4.TestAdminUsersList" name="test_admin_users_200_for_manager" time="0.047" /><testcase classname="backend.tests.test_iteration_4.TestAdminUsersList" name="test_admin_users_200_for_legacy_admin" time="0.049" /><testcase classname="backend.tests.test_iteration_4.TestAdminSetRole" name="test_set_role_requires_auth" time="0.054" /><testcase classname="backend.tests.test_iteration_4.TestAdminSetRole" name="test_set_role_403_for_manager" time="0.057" /><testcase classname="backend.tests.test_iteration_4.TestAdminSetRole" name="test_set_role_invalid_role_400" time="0.060" /><testcase classname="backend.tests.test_iteration_4.TestAdminSetRole" name="test_set_role_updates_existing_membership" time="0.051" /><testcase classname="backend.tests.test_iteration_4.TestAdminSetRole" name="test_set_role_creates_new_membership" time="0.054" /><testcase classname="backend.tests.test_iteration_4.TestOpsBriefDBCache" name="test_ops_brief_db_cache_persists_and_returns_cached" time="2.524" /><testcase classname="backend.tests.test_iteration_4.TestLoginAutoMemberships" name="test_default_memberships_for_new_user" time="0.002" /><testcase classname="backend.tests.test_iteration_4.TestLoginAutoMemberships" name="test_existing_real_user_has_three_memberships" time="0.048" /><testcase classname="backend.tests.test_iteration_4.TestRegression" name="test_get_endpoint_200[/api/companies]" time="0.051" /><testcase classname="backend.tests.test_iteration_4.TestRegression" name="test_get_endpoint_200[/api/dashboard]" time="0.055" /><testcase classname="backend.tests.test_iteration_4.TestRegression" name="test_get_endpoint_200[/api/hr/employees]" time="0.057" /><testcase classname="backend.tests.test_iteration_4.TestRegression" name="test_get_endpoint_200[/api/tickets]" time="0.050" /><testcase classname="backend.tests.test_iteration_4.TestRegression" name="test_get_endpoint_200[/api/schedule]" time="0.054" /><testcase classname="backend.tests.test_iteration_4.TestRegression" name="test_get_endpoint_200[/api/crm/customers]" time="0.053" /><testcase classname="backend.tests.test_iteration_4.TestRegression" name="test_get_endpoint_200[/api/pos/products]" time="0.050" /><testcase classname="backend.tests.test_iteration_4.TestRegression" name="test_get_endpoint_200[/api/payroll/runs]" time="0.050" /><testcase classname="backend.tests.test_iteration_4.TestRegression" name="test_get_endpoint_200[/api/fleet/vehicles]" time="0.051" /><testcase classname="backend.tests.test_iteration_4.TestRegression" name="test_get_endpoint_200[/api/inventory/items]" time="0.052" /><testcase classname="backend.tests.test_iteration_4.TestRegression" name="test_get_endpoint_200[/api/alerts]" time="0.049" /><testcase classname="backend.tests.test_iteration_4.TestRegression" name="test_get_endpoint_200[/api/modules]" time="0.052" /><testcase classname="backend.tests.test_iteration_4.TestRegression" name="test_get_endpoint_200[/api/auth/me]" time="0.054" /><testcase classname="backend.tests.test_new_modules" name="test_new_endpoints_require_bearer[/api/pos/products]" time="0.047" /><testcase classname="backend.tests.test_new_modules" name="test_new_endpoints_require_bearer[/api/pos/products?category=Hardware]" time="0.049" /><testcase classname="backend.tests.test_new_modules" name="test_new_endpoints_require_bearer[/api/pos/sales]" time="0.045" /><testcase classname="backend.tests.test_new_modules" name="test_new_endpoints_require_bearer[/api/payroll/runs]" time="0.045" /><testcase classname="backend.tests.test_new_modules" name="test_new_endpoints_require_bearer[/api/payroll/t4/emp_does_not_exist]" time="0.044" /><testcase classname="backend.tests.test_new_modules" name="test_new_endpoints_require_bearer[/api/fleet/vehicles]" time="0.051" /><testcase classname="backend.tests.test_new_modules" name="test_new_endpoints_require_bearer[/api/inventory/items]" time="0.045" /><testcase classname="backend.tests.test_new_modules" name="test_new_endpoints_require_bearer[/api/inventory/lookup?barcode=12345]" time="0.048" /><testcase classname="backend.tests.test_new_modules" name="test_pos_sales_post_requires_bearer" time="0.044" /><testcase classname="backend.tests.test_new_modules.TestPOSProducts" name="test_list_products" time="0.101" /><testcase classname="backend.tests.test_new_modules.TestPOSProducts" name="test_list_products_category_filter" time="0.103" /><testcase classname="backend.tests.test_new_modules.TestPOSProducts" name="test_list_products_category_all_returns_all" time="0.049" /><testcase classname="backend.tests.test_new_modules.TestPOSProducts" name="test_list_products_multi_company_isolation" time="0.235" /><testcase classname="backend.tests.test_new_modules.TestPOSSales" name="test_create_sale_empty_cart_400" time="0.088" /><testcase classname="backend.tests.test_new_modules.TestPOSSales" name="test_create_sale_all_invalid_product_ids_400" time="0.092" /><testcase classname="backend.tests.test_new_modules.TestPOSSales" name="test_create_sale_filters_invalid_and_persists" time="0.142" /><testcase classname="backend.tests.test_new_modules.TestPOSSales" name="test_list_sales_returns_recent" time="0.196" /><testcase classname="backend.tests.test_new_modules.TestPayroll" name="test_list_pay_runs" time="0.096" /><testcase classname="backend.tests.test_new_modules.TestPayroll" name="test_pay_runs_isolation" time="0.241" /><testcase classname="backend.tests.test_new_modules.TestPayroll" name="test_t4_unknown_employee_404" time="0.099" /><testcase classname="backend.tests.test_new_modules.TestPayroll" name="test_t4_for_real_employee" time="0.141" /><testcase classname="backend.tests.test_new_modules.TestFleet" name="test_list_vehicles" time="0.097" /><testcase classname="backend.tests.test_new_modules.TestFleet" name="test_gps_drift_between_calls" time="0.144" /><testcase classname="backend.tests.test_new_modules.TestFleet" name="test_fleet_isolation" time="0.142" /><testcase classname="backend.tests.test_new_modules.TestInventory" name="test_list_inventory" time="0.097" /><testcase classname="backend.tests.test_new_modules.TestInventory" name="test_inventory_isolation" time="0.239" /><testcase classname="backend.tests.test_new_modules.TestInventory" name="test_lookup_invalid_barcode" time="0.096" /><testcase classname="backend.tests.test_new_modules.TestInventory" name="test_lookup_real_inventory_barcode" time="0.142" /><testcase classname="backend.tests.test_new_modules.TestInventory" name="test_lookup_real_product_barcode" time="0.136" /></testsuite></testsuites>