<?xml version="1.0" encoding="utf-8"?><testsuites name="pytest tests"><testsuite name="pytest" errors="0" failures="0" skipped="0" tests="234" time="21.373" timestamp="2026-06-21T06:48:11.864459+00:00" hostname="agent-env-5a315c9c-f6b7-428a-9e7d-65d048dfc43b"><testcase classname="tests.test_aidou_backend.TestRoot" name="test_root_ok" time="0.151" /><testcase classname="tests.test_aidou_backend.TestAuth" name="test_session_empty_body" time="0.049" /><testcase classname="tests.test_aidou_backend.TestAuth" name="test_session_empty_string" time="0.080" /><testcase classname="tests.test_aidou_backend.TestAuth" name="test_session_invalid_token" time="0.149" /><testcase classname="tests.test_aidou_backend.TestAuth" name="test_me_without_token" time="0.038" /><testcase classname="tests.test_aidou_backend.TestAuth" name="test_me_with_invalid_token" time="0.040" /><testcase classname="tests.test_aidou_backend.TestAuth" name="test_me_with_valid_token" time="0.044" /><testcase classname="tests.test_aidou_backend" name="test_protected_requires_bearer[/api/companies]" time="0.038" /><testcase classname="tests.test_aidou_backend" name="test_protected_requires_bearer[/api/modules]" time="0.078" /><testcase classname="tests.test_aidou_backend" name="test_protected_requires_bearer[/api/dashboard]" time="0.039" /><testcase classname="tests.test_aidou_backend" name="test_protected_requires_bearer[/api/hr/employees]" time="0.081" /><testcase classname="tests.test_aidou_backend" name="test_protected_requires_bearer[/api/tickets]" time="0.037" /><testcase classname="tests.test_aidou_backend" name="test_protected_requires_bearer[/api/schedule]" time="0.080" /><testcase classname="tests.test_aidou_backend" name="test_protected_requires_bearer[/api/crm/customers]" time="0.080" /><testcase classname="tests.test_aidou_backend" name="test_protected_requires_bearer[/api/alerts]" time="0.039" /><testcase classname="tests.test_aidou_backend" name="test_protected_requires_bearer[/api/ai/history?session_id=x&amp;assistant=advisor]" time="0.052" /><testcase classname="tests.test_aidou_backend.TestSeedData" name="test_companies_seeded" time="0.001" /><testcase classname="tests.test_aidou_backend.TestSeedData" name="test_collections_populated" time="0.002" /><testcase classname="tests.test_aidou_backend.TestSeedData" name="test_companies_endpoint" time="0.040" /><testcase classname="tests.test_aidou_backend.TestModulesAndDashboard" name="test_modules" time="0.054" /><testcase classname="tests.test_aidou_backend.TestModulesAndDashboard" name="test_dashboard_kpis" time="0.042" /><testcase classname="tests.test_aidou_backend.TestCompanySwitch" name="test_switch_changes_results" time="0.364" /><testcase classname="tests.test_aidou_backend.TestCompanySwitch" name="test_switch_unauthorized_company" time="0.042" /><testcase classname="tests.test_aidou_backend.TestAlerts" name="test_mark_alert_read" time="0.203" /><testcase classname="tests.test_aidou_backend.TestAIChat" name="test_ai_chat_sse_stream" time="2.447" /><testcase classname="tests.test_aidou_backend.TestAIHistory" name="test_history_returns_persisted_messages" time="0.039" /><testcase classname="tests.test_aidou_backend.TestEmployeesCreate" name="test_create_employee_persists" time="0.081" /><testcase classname="tests.test_iteration_3.TestAuditLog" name="test_audit_log_401_without_bearer" time="0.079" /><testcase classname="tests.test_iteration_3.TestAuditLog" name="test_audit_log_403_for_viewer" time="0.040" /><testcase classname="tests.test_iteration_3.TestAuditLog" name="test_audit_log_200_for_admin_shape" time="0.047" /><testcase classname="tests.test_iteration_3.TestRBACEmployees" name="test_post_employee_403_for_viewer" time="0.041" /><testcase classname="tests.test_iteration_3.TestRBACEmployees" name="test_post_employee_200_for_admin" time="0.044" /><testcase classname="tests.test_iteration_3.TestOpsBrief" name="test_ops_brief_401_without_bearer" time="0.038" /><testcase classname="tests.test_iteration_3.TestOpsBrief" name="test_ops_brief_shape_and_cache" time="0.158" /><testcase classname="tests.test_iteration_3.TestAuditTrailPersistence" name="test_actions_create_audit_entries" time="0.373" /><testcase classname="tests.test_iteration_3.TestRegression" name="test_get_endpoint_200[/api/auth/me]" time="0.040" /><testcase classname="tests.test_iteration_3.TestRegression" name="test_get_endpoint_200[/api/companies]" time="0.081" /><testcase classname="tests.test_iteration_3.TestRegression" name="test_get_endpoint_200[/api/modules]" time="0.042" /><testcase classname="tests.test_iteration_3.TestRegression" name="test_get_endpoint_200[/api/dashboard]" time="0.043" /><testcase classname="tests.test_iteration_3.TestRegression" name="test_get_endpoint_200[/api/hr/employees]" time="0.041" /><testcase classname="tests.test_iteration_3.TestRegression" name="test_get_endpoint_200[/api/tickets]" time="0.040" /><testcase classname="tests.test_iteration_3.TestRegression" name="test_get_endpoint_200[/api/schedule]" time="0.081" /><testcase classname="tests.test_iteration_3.TestRegression" name="test_get_endpoint_200[/api/crm/customers]" time="0.040" /><testcase classname="tests.test_iteration_3.TestRegression" name="test_get_endpoint_200[/api/pos/products]" time="0.042" /><testcase classname="tests.test_iteration_3.TestRegression" name="test_get_endpoint_200[/api/pos/sales]" time="0.040" /><testcase classname="tests.test_iteration_3.TestRegression" name="test_get_endpoint_200[/api/payroll/runs]" time="0.043" /><testcase classname="tests.test_iteration_3.TestRegression" name="test_get_endpoint_200[/api/fleet/vehicles]" time="0.045" /><testcase classname="tests.test_iteration_3.TestRegression" name="test_get_endpoint_200[/api/inventory/items]" time="0.040" /><testcase classname="tests.test_iteration_3.TestRegression" name="test_get_endpoint_200[/api/alerts]" time="0.080" /><testcase classname="tests.test_iteration_3.TestRegression" name="test_inventory_lookup_bogus" time="0.040" /><testcase classname="tests.test_iteration_3.TestRegression" name="test_payroll_t4_404" time="0.050" /><testcase classname="tests.test_iteration_3.TestRegression" name="test_root" time="0.080" /><testcase classname="tests.test_iteration_4.TestWorkspacesList" name="test_workspaces_requires_auth" time="0.037" /><testcase classname="tests.test_iteration_4.TestWorkspacesList" name="test_workspaces_returns_three_default_memberships" time="0.041" /><testcase classname="tests.test_iteration_4.TestWorkspacesSwitch" name="test_switch_requires_auth" time="0.079" /><testcase classname="tests.test_iteration_4.TestWorkspacesSwitch" name="test_switch_403_when_not_member" time="0.083" /><testcase classname="tests.test_iteration_4.TestWorkspacesSwitch" name="test_switch_200_updates_user_and_me_reflects" time="0.123" /><testcase classname="tests.test_iteration_4.TestAdminUsersList" name="test_admin_users_requires_auth" time="0.080" /><testcase classname="tests.test_iteration_4.TestAdminUsersList" name="test_admin_users_403_for_employee" time="0.043" /><testcase classname="tests.test_iteration_4.TestAdminUsersList" name="test_admin_users_403_for_customer" time="0.081" /><testcase classname="tests.test_iteration_4.TestAdminUsersList" name="test_admin_users_200_for_owner" time="0.084" /><testcase classname="tests.test_iteration_4.TestAdminUsersList" name="test_admin_users_200_for_manager" time="0.083" /><testcase classname="tests.test_iteration_4.TestAdminUsersList" name="test_admin_users_200_for_legacy_admin" time="0.042" /><testcase classname="tests.test_iteration_4.TestAdminSetRole" name="test_set_role_requires_auth" time="0.043" /><testcase classname="tests.test_iteration_4.TestAdminSetRole" name="test_set_role_403_for_manager" time="0.045" /><testcase classname="tests.test_iteration_4.TestAdminSetRole" name="test_set_role_invalid_role_400" time="0.042" /><testcase classname="tests.test_iteration_4.TestAdminSetRole" name="test_set_role_updates_existing_membership" time="0.044" /><testcase classname="tests.test_iteration_4.TestAdminSetRole" name="test_set_role_creates_new_membership" time="0.055" /><testcase classname="tests.test_iteration_4.TestOpsBriefDBCache" name="test_ops_brief_db_cache_persists_and_returns_cached" time="2.198" /><testcase classname="tests.test_iteration_4.TestLoginAutoMemberships" name="test_default_memberships_for_new_user" time="0.002" /><testcase classname="tests.test_iteration_4.TestLoginAutoMemberships" name="test_existing_real_user_has_three_memberships" time="0.042" /><testcase classname="tests.test_iteration_4.TestRegression" name="test_get_endpoint_200[/api/companies]" time="0.042" /><testcase classname="tests.test_iteration_4.TestRegression" name="test_get_endpoint_200[/api/dashboard]" time="0.042" /><testcase classname="tests.test_iteration_4.TestRegression" name="test_get_endpoint_200[/api/hr/employees]" time="0.042" /><testcase classname="tests.test_iteration_4.TestRegression" name="test_get_endpoint_200[/api/tickets]" time="0.040" /><testcase classname="tests.test_iteration_4.TestRegression" name="test_get_endpoint_200[/api/schedule]" time="0.041" /><testcase classname="tests.test_iteration_4.TestRegression" name="test_get_endpoint_200[/api/crm/customers]" time="0.042" /><testcase classname="tests.test_iteration_4.TestRegression" name="test_get_endpoint_200[/api/pos/products]" time="0.043" /><testcase classname="tests.test_iteration_4.TestRegression" name="test_get_endpoint_200[/api/payroll/runs]" time="0.043" /><testcase classname="tests.test_iteration_4.TestRegression" name="test_get_endpoint_200[/api/fleet/vehicles]" time="0.046" /><testcase classname="tests.test_iteration_4.TestRegression" name="test_get_endpoint_200[/api/inventory/items]" time="0.042" /><testcase classname="tests.test_iteration_4.TestRegression" name="test_get_endpoint_200[/api/alerts]" time="0.044" /><testcase classname="tests.test_iteration_4.TestRegression" name="test_get_endpoint_200[/api/modules]" time="0.044" /><testcase classname="tests.test_iteration_4.TestRegression" name="test_get_endpoint_200[/api/auth/me]" time="0.044" /><testcase classname="tests.test_iteration_5.TestTimeClock" name="test_punch_requires_bearer" time="0.041" /><testcase classname="tests.test_iteration_5.TestTimeClock" name="test_punch_toggles_in_out_and_isolates_by_company" time="0.126" /><testcase classname="tests.test_iteration_5.TestTimeClock" name="test_timeclock_me_returns_structure" time="0.271" /><testcase classname="tests.test_iteration_5.TestTimeClock" name="test_audit_trail_punch_in_and_out" time="0.127" /><testcase classname="tests.test_iteration_5.TestCustomerPortal" name="test_orders_requires_bearer" time="0.041" /><testcase classname="tests.test_iteration_5.TestCustomerPortal" name="test_orders_empty_when_no_customer_membership" time="0.084" /><testcase classname="tests.test_iteration_5.TestCustomerPortal" name="test_orders_enriched_with_company_name" time="0.045" /><testcase classname="tests.test_iteration_5.TestCustomerPortal" name="test_invoices_status_and_due_sum" time="0.047" /><testcase classname="tests.test_iteration_5.TestCustomerPortal" name="test_appointments_seed_and_create" time="0.124" /><testcase classname="tests.test_iteration_5.TestInvite" name="test_invite_requires_bearer" time="0.039" /><testcase classname="tests.test_iteration_5.TestInvite" name="test_invite_forbidden_for_non_owner" time="0.043" /><testcase classname="tests.test_iteration_5.TestInvite" name="test_invite_rejects_invalid_role" time="0.042" /><testcase classname="tests.test_iteration_5.TestInvite" name="test_invite_creates_user_and_membership_idempotent" time="0.130" /><testcase classname="tests.test_iteration_5.TestMarketplace" name="test_businesses_requires_bearer" time="0.040" /><testcase classname="tests.test_iteration_5.TestMarketplace" name="test_businesses_includes_seeded_and_extras" time="0.043" /><testcase classname="tests.test_iteration_5.TestMarketplace" name="test_create_and_list_referrals" time="0.125" /><testcase classname="tests.test_iteration_5.TestRegressionSmoke" name="test_get_200[/api/auth/me]" time="0.041" /><testcase classname="tests.test_iteration_5.TestRegressionSmoke" name="test_get_200[/api/companies]" time="0.083" /><testcase classname="tests.test_iteration_5.TestRegressionSmoke" name="test_get_200[/api/workspaces]" time="0.041" /><testcase classname="tests.test_iteration_5.TestRegressionSmoke" name="test_get_200[/api/modules]" time="0.042" /><testcase classname="tests.test_iteration_5.TestRegressionSmoke" name="test_get_200[/api/dashboard]" time="0.043" /><testcase classname="tests.test_iteration_5.TestRegressionSmoke" name="test_get_200[/api/hr/employees]" time="0.039" /><testcase classname="tests.test_iteration_5.TestRegressionSmoke" name="test_get_200[/api/tickets]" time="0.040" /><testcase classname="tests.test_iteration_5.TestRegressionSmoke" name="test_get_200[/api/schedule]" time="0.040" /><testcase classname="tests.test_iteration_5.TestRegressionSmoke" name="test_get_200[/api/crm/customers]" time="0.039" /><testcase classname="tests.test_iteration_5.TestRegressionSmoke" name="test_get_200[/api/pos/products]" time="0.039" /><testcase classname="tests.test_iteration_5.TestRegressionSmoke" name="test_get_200[/api/payroll/runs]" time="0.040" /><testcase classname="tests.test_iteration_5.TestRegressionSmoke" name="test_get_200[/api/fleet/vehicles]" time="0.039" /><testcase classname="tests.test_iteration_5.TestRegressionSmoke" name="test_get_200[/api/inventory/items]" time="0.039" /><testcase classname="tests.test_iteration_5.TestRegressionSmoke" name="test_get_200[/api/alerts]" time="0.045" /><testcase classname="tests.test_iteration_6.TestInviteSendGridFallback" name="test_invite_returns_magic_link_with_email_sent_false_and_reason" time="0.091" /><testcase classname="tests.test_iteration_6.TestMarketplaceScoring" name="test_businesses_have_score_recommended_match_reason_and_sorted" time="0.044" /><testcase classname="tests.test_iteration_6.TestFulfillReferral" name="test_fulfill_requires_bearer" time="0.040" /><testcase classname="tests.test_iteration_6.TestFulfillReferral" name="test_fulfill_forbidden_for_employee" time="0.084" /><testcase classname="tests.test_iteration_6.TestFulfillReferral" name="test_fulfill_404_for_unknown_referral" time="0.046" /><testcase classname="tests.test_iteration_6.TestFulfillReferral" name="test_fulfill_400_for_non_positive_value" time="0.124" /><testcase classname="tests.test_iteration_6.TestFulfillReferral" name="test_fulfill_computes_5pct_payout_persists_and_is_idempotent" time="0.168" /><testcase classname="tests.test_iteration_6.TestPayoutsList" name="test_payouts_requires_bearer" time="0.038" /><testcase classname="tests.test_iteration_6.TestPayoutsList" name="test_payouts_forbidden_for_employee" time="0.098" /><testcase classname="tests.test_iteration_6.TestPayoutsList" name="test_payouts_filter_by_source_or_target_and_total_pending" time="0.042" /><testcase classname="tests.test_iteration_6.TestWorkspaceStats" name="test_stats_requires_bearer" time="0.080" /><testcase classname="tests.test_iteration_6.TestWorkspaceStats" name="test_stats_for_owner_manager_employee_customer_keys" time="0.090" /><testcase classname="tests.test_iteration_7.TestMarketplacePartnersSeeded" name="test_mp_partners_present_in_db_companies" time="0.001" /><testcase classname="tests.test_iteration_7.TestMarketplacePartnersSeeded" name="test_marketplace_businesses_endpoint_includes_mp_partners" time="0.045" /><testcase classname="tests.test_iteration_7.TestMarketplacePartnersSeeded" name="test_fulfill_referral_with_mp_partner_persists_payout_pointing_to_real_company" time="0.126" /><testcase classname="tests.test_iteration_7.TestCashAdvanceOffer" name="test_offer_requires_bearer" time="0.038" /><testcase classname="tests.test_iteration_7.TestCashAdvanceOffer" name="test_offer_forbidden_for_non_owner_non_admin" time="0.040" /><testcase classname="tests.test_iteration_7.TestCashAdvanceOffer" name="test_offer_200_for_owner_returns_expected_shape" time="0.043" /><testcase classname="tests.test_iteration_7.TestCashAdvanceRequest" name="test_request_requires_bearer" time="0.081" /><testcase classname="tests.test_iteration_7.TestCashAdvanceRequest" name="test_request_forbidden_for_non_owner_non_admin" time="0.041" /><testcase classname="tests.test_iteration_7.TestCashAdvanceRequest" name="test_request_400_for_non_positive_amount" time="0.122" /><testcase classname="tests.test_iteration_7.TestCashAdvanceRequest" name="test_request_400_when_amount_exceeds_max" time="0.124" /><testcase classname="tests.test_iteration_7.TestCashAdvanceRequest" name="test_request_success_fee_zero_below_1k_and_audit_written" time="0.045" /><testcase classname="tests.test_iteration_7.TestCashAdvanceRequest" name="test_request_success_fee_for_above_1k_band" time="0.049" /><testcase classname="tests.test_iteration_7.TestCashAdvanceRequest" name="test_request_409_when_outstanding_advance_exists" time="0.096" /><testcase classname="tests.test_iteration_7.TestCashAdvanceHistory" name="test_history_requires_bearer" time="0.039" /><testcase classname="tests.test_iteration_7.TestCashAdvanceHistory" name="test_history_forbidden_for_non_owner" time="0.083" /><testcase classname="tests.test_iteration_7.TestCashAdvanceHistory" name="test_history_returns_advances_newest_first_for_active_company" time="0.085" /><testcase classname="tests.test_iteration_8.TestUnderwritingPolicyEndpoints" name="test_get_policy_requires_bearer" time="0.040" /><testcase classname="tests.test_iteration_8.TestUnderwritingPolicyEndpoints" name="test_put_policy_requires_bearer" time="0.040" /><testcase classname="tests.test_iteration_8.TestUnderwritingPolicyEndpoints" name="test_get_policy_forbidden_for_non_owner_non_admin" time="0.081" /><testcase classname="tests.test_iteration_8.TestUnderwritingPolicyEndpoints" name="test_put_policy_forbidden_for_non_owner_non_admin" time="0.043" /><testcase classname="tests.test_iteration_8.TestUnderwritingPolicyEndpoints" name="test_get_policy_returns_defaults_when_collection_empty" time="0.082" /><testcase classname="tests.test_iteration_8.TestUnderwritingPolicyEndpoints" name="test_put_policy_persists_and_subsequent_get_returns_updated" time="0.125" /><testcase classname="tests.test_iteration_8.TestPolicyHotReload" name="test_put_policy_floor_5000_reflects_in_offer_max_advance" time="0.166" /><testcase classname="tests.test_iteration_8.TestRepaymentSchedule" name="test_repayment_requires_bearer" time="0.039" /><testcase classname="tests.test_iteration_8.TestRepaymentSchedule" name="test_repayment_forbidden_for_non_owner_non_admin" time="0.041" /><testcase classname="tests.test_iteration_8.TestRepaymentSchedule" name="test_no_outstanding_advance_returns_has_advance_false" time="0.083" /><testcase classname="tests.test_iteration_8.TestRepaymentSchedule" name="test_with_advance_schedule_sums_to_total_repayable_and_remaining_zeroes" time="0.088" /><testcase classname="tests.test_iteration_8.TestCreditScore" name="test_credit_score_requires_bearer" time="0.040" /><testcase classname="tests.test_iteration_8.TestCreditScore" name="test_credit_score_forbidden_for_plain_employee" time="0.042" /><testcase classname="tests.test_iteration_8.TestCreditScore" name="test_credit_score_allowed_for_manager" time="0.089" /><testcase classname="tests.test_iteration_8.TestCreditScore" name="test_credit_score_shape_and_band_range" time="0.049" /><testcase classname="tests.test_iteration_8.TestCreditScore" name="test_credit_score_consistent_across_calls" time="0.089" /><testcase classname="tests.test_iteration_8.TestCreditScore" name="test_credit_score_low_data_yields_building_band" time="0.114" /><testcase classname="tests.test_iteration_9.TestTunableScoringWeights" name="test_get_weights_returns_defaults" time="0.043" /><testcase classname="tests.test_iteration_9.TestTunableScoringWeights" name="test_put_weights_persists_and_changes_score" time="0.125" /><testcase classname="tests.test_iteration_9.TestCreditScoreHistory" name="test_history_creates_today_snapshot" time="0.046" /><testcase classname="tests.test_iteration_9.TestCreditScoreHistory" name="test_snapshot_now_writes_all_companies" time="0.102" /><testcase classname="tests.test_iteration_9.TestPublicTrustBadge" name="test_public_badge_no_auth_required" time="0.041" /><testcase classname="tests.test_iteration_9.TestPublicTrustBadge" name="test_badge_signature_verifies" time="0.119" /><testcase classname="tests.test_iteration_9.TestPublicTrustBadge" name="test_badge_signature_rejects_tampered" time="0.120" /><testcase classname="tests.test_iteration_9.TestPublicTrustBadge" name="test_unknown_company_404" time="0.079" /><testcase classname="tests.test_iteration_9.TestMarketplaceTrustBadgeOnBusinesses" name="test_default_hides_unverified_low_score_extras" time="0.085" /><testcase classname="tests.test_iteration_9.TestMarketplaceTrustBadgeOnBusinesses" name="test_include_unverified_shows_all" time="0.069" /><testcase classname="tests.test_new_modules" name="test_new_endpoints_require_bearer[/api/pos/products]" time="0.040" /><testcase classname="tests.test_new_modules" name="test_new_endpoints_require_bearer[/api/pos/products?category=Hardware]" time="0.079" /><testcase classname="tests.test_new_modules" name="test_new_endpoints_require_bearer[/api/pos/sales]" time="0.038" /><testcase classname="tests.test_new_modules" name="test_new_endpoints_require_bearer[/api/payroll/runs]" time="0.039" /><testcase classname="tests.test_new_modules" name="test_new_endpoints_require_bearer[/api/payroll/t4/emp_does_not_exist]" time="0.037" /><testcase classname="tests.test_new_modules" name="test_new_endpoints_require_bearer[/api/fleet/vehicles]" time="0.040" /><testcase classname="tests.test_new_modules" name="test_new_endpoints_require_bearer[/api/inventory/items]" time="0.038" /><testcase classname="tests.test_new_modules" name="test_new_endpoints_require_bearer[/api/inventory/lookup?barcode=12345]" time="0.037" /><testcase classname="tests.test_new_modules" name="test_pos_sales_post_requires_bearer" time="0.038" /><testcase classname="tests.test_new_modules.TestPOSProducts" name="test_list_products" time="0.123" /><testcase classname="tests.test_new_modules.TestPOSProducts" name="test_list_products_category_filter" time="0.082" /><testcase classname="tests.test_new_modules.TestPOSProducts" name="test_list_products_category_all_returns_all" time="0.040" /><testcase classname="tests.test_new_modules.TestPOSProducts" name="test_list_products_multi_company_isolation" time="0.204" /><testcase classname="tests.test_new_modules.TestPOSSales" name="test_create_sale_empty_cart_400" time="0.164" /><testcase classname="tests.test_new_modules.TestPOSSales" name="test_create_sale_all_invalid_product_ids_400" time="0.085" /><testcase classname="tests.test_new_modules.TestPOSSales" name="test_create_sale_filters_invalid_and_persists" time="0.163" /><testcase classname="tests.test_new_modules.TestPOSSales" name="test_list_sales_returns_recent" time="0.280" /><testcase classname="tests.test_new_modules.TestPayroll" name="test_list_pay_runs" time="0.121" /><testcase classname="tests.test_new_modules.TestPayroll" name="test_pay_runs_isolation" time="0.322" /><testcase classname="tests.test_new_modules.TestPayroll" name="test_t4_unknown_employee_404" time="0.162" /><testcase classname="tests.test_new_modules.TestPayroll" name="test_t4_for_real_employee" time="0.167" /><testcase classname="tests.test_new_modules.TestFleet" name="test_list_vehicles" time="0.122" /><testcase classname="tests.test_new_modules.TestFleet" name="test_gps_drift_between_calls" time="0.119" /><testcase classname="tests.test_new_modules.TestFleet" name="test_fleet_isolation" time="0.159" /><testcase classname="tests.test_new_modules.TestInventory" name="test_list_inventory" time="0.122" /><testcase classname="tests.test_new_modules.TestInventory" name="test_inventory_isolation" time="0.270" /><testcase classname="tests.test_new_modules.TestInventory" name="test_lookup_invalid_barcode" time="0.085" /><testcase classname="tests.test_new_modules.TestInventory" name="test_lookup_real_inventory_barcode" time="0.202" /><testcase classname="tests.test_new_modules.TestInventory" name="test_lookup_real_product_barcode" time="0.161" /><testcase classname="tests.test_router_split_regression.TestAuthCompanyWorkspace" name="test_auth_me" time="0.083" /><testcase classname="tests.test_router_split_regression.TestAuthCompanyWorkspace" name="test_companies_list" time="0.042" /><testcase classname="tests.test_router_split_regression.TestAuthCompanyWorkspace" name="test_companies_switch" time="0.044" /><testcase classname="tests.test_router_split_regression.TestAuthCompanyWorkspace" name="test_workspaces_list" time="0.045" /><testcase classname="tests.test_router_split_regression.TestAuthCompanyWorkspace" name="test_workspaces_switch" time="0.043" /><testcase classname="tests.test_router_split_regression.TestAuthCompanyWorkspace" name="test_workspaces_stats" time="0.045" /><testcase classname="tests.test_router_split_regression.TestAuthCompanyWorkspace" name="test_auth_logout" time="0.041" /><testcase classname="tests.test_router_split_regression.TestAdminModulesDashboard" name="test_admin_users_list" time="0.042" /><testcase classname="tests.test_router_split_regression.TestAdminModulesDashboard" name="test_admin_users_invite" time="0.048" /><testcase classname="tests.test_router_split_regression.TestAdminModulesDashboard" name="test_modules" time="0.044" /><testcase classname="tests.test_router_split_regression.TestAdminModulesDashboard" name="test_dashboard" time="0.045" /><testcase classname="tests.test_router_split_regression.TestHRTicketsScheduleCRM" name="test_hr_employees_list" time="0.043" /><testcase classname="tests.test_router_split_regression.TestHRTicketsScheduleCRM" name="test_hr_employees_create" time="0.083" /><testcase classname="tests.test_router_split_regression.TestHRTicketsScheduleCRM" name="test_tickets_list" time="0.042" /><testcase classname="tests.test_router_split_regression.TestHRTicketsScheduleCRM" name="test_tickets_create" time="0.082" /><testcase classname="tests.test_router_split_regression.TestHRTicketsScheduleCRM" name="test_schedule" time="0.042" /><testcase classname="tests.test_router_split_regression.TestHRTicketsScheduleCRM" name="test_crm_customers" time="0.043" /><testcase classname="tests.test_router_split_regression.TestPOSPayrollFleetInventory" name="test_pos_products" time="0.042" /><testcase classname="tests.test_router_split_regression.TestPOSPayrollFleetInventory" name="test_pos_sales_list" time="0.042" /><testcase classname="tests.test_router_split_regression.TestPOSPayrollFleetInventory" name="test_pos_sales_post" time="0.084" /><testcase classname="tests.test_router_split_regression.TestPOSPayrollFleetInventory" name="test_payroll_runs" time="0.044" /><testcase classname="tests.test_router_split_regression.TestPOSPayrollFleetInventory" name="test_payroll_t4_unknown" time="0.042" /><testcase classname="tests.test_router_split_regression.TestPOSPayrollFleetInventory" name="test_fleet_vehicles" time="0.041" /><testcase classname="tests.test_router_split_regression.TestPOSPayrollFleetInventory" name="test_inventory_items" time="0.039" /><testcase classname="tests.test_router_split_regression.TestPOSPayrollFleetInventory" name="test_inventory_lookup" time="0.044" /><testcase classname="tests.test_router_split_regression.TestAlertsAuditTimeclock" name="test_alerts" time="0.043" /><testcase classname="tests.test_router_split_regression.TestAlertsAuditTimeclock" name="test_audit_log" time="0.048" /><testcase classname="tests.test_router_split_regression.TestAlertsAuditTimeclock" name="test_timeclock_punch_and_me" time="0.095" /><testcase classname="tests.test_router_split_regression.TestCustomerPortal" name="test_customer_orders" time="0.047" /><testcase classname="tests.test_router_split_regression.TestCustomerPortal" name="test_customer_invoices" time="0.053" /><testcase classname="tests.test_router_split_regression.TestCustomerPortal" name="test_customer_appointments" time="0.042" /><testcase classname="tests.test_router_split_regression.TestCashAdvanceAndCredit" name="test_offer" time="0.044" /><testcase classname="tests.test_router_split_regression.TestCashAdvanceAndCredit" name="test_history" time="0.040" /><testcase classname="tests.test_router_split_regression.TestCashAdvanceAndCredit" name="test_repayment_schedule" time="0.044" /><testcase classname="tests.test_router_split_regression.TestCashAdvanceAndCredit" name="test_underwriting_policy_get" time="0.041" /><testcase classname="tests.test_router_split_regression.TestCashAdvanceAndCredit" name="test_credit_score" time="0.047" /></testsuite></testsuites>